<?xml version="1.0" encoding="UTF-8"?>
<!-- Generated by org.testng.reporters.JUnitReportReporter -->
<testsuite skipped="0" hostname="DESKTOP-CHFJSLK" name="Tests.AutoPurchaseTest" tests="2" failures="0" timestamp="08 יול 2018 09:11:34 GMT" time="32.606" errors="0">
  <testcase name="AddProducts" time="19.601" classname="Tests.AutoPurchaseTest"/>
  <testcase name="checkout" time="13.005" classname="Tests.AutoPurchaseTest"/>
</testsuite> <!-- Tests.AutoPurchaseTest -->
