<?xml version="1.0" encoding="UTF-8"?>
<!-- Generated by org.testng.reporters.JUnitReportReporter -->
<testsuite skipped="0" hostname="DESKTOP-CHFJSLK" name="Tests.ApiTest" tests="3" failures="0" timestamp="08 יול 2018 09:11:34 GMT" time="6.394" errors="0">
  <testcase name="getValidAndInvalidData" time="1.695" classname="Tests.ApiTest"/>
  <testcase name="getValidData" time="1.461" classname="Tests.ApiTest"/>
  <testcase name="getInvalidData" time="3.238" classname="Tests.ApiTest"/>
</testsuite> <!-- Tests.ApiTest -->
